INFO:root:Parsing div tags
INFO:root:Appending to vacancies
INFO:root:Appended: Разработчик Python
INFO:root:Appending to companies
INFO:root:Appended:  Казпочта, АО 
INFO:root:Appending to vacancies
INFO:root:Appended: Программист в Службу Сопровождения (Oracle / Delphi)
INFO:root:Appending to companies
INFO:root:Appended:  Colvir Software Solutions 
INFO:root:Appending to vacancies
INFO:root:Appended: Senior C++ Developer (Germany, Berlin)
INFO:root:Appending to companies
INFO:root:Appended:  ASAP Solutions International Co, Ltd 
INFO:root:Appending to vacancies
INFO:root:Appended: Backend разработчик (Python)
INFO:root:Appending to salaries
INFO:root:Appended: 250 000-400 000 KZT
INFO:root:Appending to companies
INFO:root:Appended: ТОО Kazdream Technologies 
INFO:root:Appending to vacancies
INFO:root:Appended: Python Backend Developer
INFO:root:Appending to salaries
INFO:root:Appended: 300 000-500 000 KZT
INFO:root:Appending to companies
INFO:root:Appended: ТОО TRIO Company 
INFO:root:Appending to vacancies
INFO:root:Appended: Intermediate+/Senior PHP/JS Developer
INFO:root:Appending to salaries
INFO:root:Appended: 2 100-3 100 USD
INFO:root:Appending to companies
INFO:root:Appended:  Scopic Software 
INFO:root:Appending to vacancies
INFO:root:Appended: Разработчик мобильных приложений (Android/iOS)
INFO:root:Appending to salaries
INFO:root:Appended: 200 000-400 000 KZT
INFO:root:Appending to companies
INFO:root:Appended: ТОО Первая Товарная Сеть 
INFO:root:Appending to vacancies
INFO:root:Appended: Специалист по тестированию ПО
INFO:root:Appending to companies
INFO:root:Appended: ТОО Business and Technology Services 
INFO:root:Appending to vacancies
INFO:root:Appended: Тестировщик аудиоприложений для Mac / Tester of Audio Software for Mac
INFO:root:Appending to companies
INFO:root:Appended:  Amvidia 
INFO:root:Appending to vacancies
INFO:root:Appended: Инструктор
INFO:root:Appending to companies
INFO:root:Appended: ИП (Исабеков) Школа программирования Инвентор, ТМ 
INFO:root:Appending to vacancies
INFO:root:Appended: DevOps/Администратор
INFO:root:Appending to companies
INFO:root:Appended: ТОО Kazdream Technologies 
INFO:root:Appending to vacancies
INFO:root:Appended: Системный программист
INFO:root:Appending to salaries
INFO:root:Appended: 200 000-600 000 KZT
INFO:root:Appending to companies
INFO:root:Appended: Общ. орг. Центр анализа и расследования кибер атак 
INFO:root:Appending to vacancies
INFO:root:Appended: Аудитор информационной безопасности / Пентестер
INFO:root:Appending to salaries
INFO:root:Appended: 200 000-600 000 KZT
INFO:root:Appending to companies
INFO:root:Appended: Общ. орг. Центр анализа и расследования кибер атак 
INFO:root:Appending to vacancies
INFO:root:Appended: Начальник отдела внутреннего администрирования
INFO:root:Appending to salaries
INFO:root:Appended: до 300 000 KZT
INFO:root:Appending to companies
INFO:root:Appended: ТОО ГИС Телеком 
INFO:root:Parsing finished
